
----------------------------------------------------------------------------
--                            Design Analysis                             --
----------------------------------------------------------------------------
Analyze pcore plb_npi_vga_controller ...


----------------------------------------------------------------------------
--                            File Generation                             --
----------------------------------------------------------------------------
Creating HDL source directory ...
Generating top peripheral VHDL template ...
Generating stub user logic VHDL template ...
HDL templates successfully generated ...
Creating data directory ...
Generating XPS inteface files ...
Compiling vhdl file
"/media/hdc5/EDK92/hw/XilinxProcessorIPLib/pcores/proc_common_v2_00_a/hdl/vhdl/p
roc_common_pkg.vhd" in Library proc_common_v2_00_a.
Package <proc_common_pkg> compiled.
Package body <proc_common_pkg> compiled.
Compiling vhdl file
"/media/hdc5/EDK92/hw/XilinxProcessorIPLib/pcores/proc_common_v2_00_a/hdl/vhdl/o
r_muxcy.vhd" in Library proc_common_v2_00_a.
Entity <or_muxcy> compiled.
Entity <or_muxcy> (Architecture <implementation>) compiled.
Compiling vhdl file
"/media/hdc5/EDK92/hw/XilinxProcessorIPLib/pcores/proc_common_v2_00_a/hdl/vhdl/f
amily_support.vhd" in Library proc_common_v2_00_a.
Package <family_support> compiled.
Package body <family_support> compiled.
Compiling vhdl file
"/media/hdc5/EDK92/hw/XilinxProcessorIPLib/pcores/proc_common_v2_00_a/hdl/vhdl/c
ounter_f.vhd" in Library proc_common_v2_00_a.
Entity <counter_f> compiled.
Entity <counter_f> (Architecture <imp>) compiled.
Compiling vhdl file
"/media/hdc5/EDK92/hw/XilinxProcessorIPLib/pcores/proc_common_v2_00_a/hdl/vhdl/p
select_f.vhd" in Library proc_common_v2_00_a.
Entity <pselect_f> compiled.
Entity <pselect_f> (Architecture <imp>) compiled.
Compiling vhdl file
"/media/hdc5/EDK92/hw/XilinxProcessorIPLib/pcores/proc_common_v2_00_a/hdl/vhdl/o
r_gate128.vhd" in Library proc_common_v2_00_a.
Entity <or_gate128> compiled.
Entity <or_gate128> (Architecture <imp>) compiled.
Compiling vhdl file
"/media/hdc5/EDK92/hw/XilinxProcessorIPLib/pcores/proc_common_v2_00_a/hdl/vhdl/i
pif_pkg.vhd" in Library proc_common_v2_00_a.
Package <ipif_pkg> compiled.
Package body <ipif_pkg> compiled.
Compiling vhdl file
"/media/hdc5/EDK92/hw/XilinxProcessorIPLib/pcores/plbv46_slave_single_v1_00_a/hd
l/vhdl/plb_address_decoder.vhd" in Library plbv46_slave_single_v1_00_a.
Entity <plb_address_decoder> compiled.
Entity <plb_address_decoder> (Architecture <IMP>) compiled.
Compiling vhdl file
"/media/hdc5/EDK92/hw/XilinxProcessorIPLib/pcores/plbv46_slave_single_v1_00_a/hd
l/vhdl/plb_slave_attachment.vhd" in Library plbv46_slave_single_v1_00_a.
Entity <plb_slave_attachment> compiled.
Entity <plb_slave_attachment> (Architecture <implementation>) compiled.
Compiling vhdl file
"/media/hdc5/EDK92/hw/XilinxProcessorIPLib/pcores/interrupt_control_v2_00_a/hdl/
vhdl/interrupt_control.vhd" in Library interrupt_control_v2_00_a.
Entity <interrupt_control> compiled.
Entity <interrupt_control> (Architecture <implementation>) compiled.
Compiling vhdl file
"/media/hdc5/EDK92/hw/XilinxProcessorIPLib/pcores/plbv46_slave_single_v1_00_a/hd
l/vhdl/plbv46_slave_single.vhd" in Library plbv46_slave_single_v1_00_a.
Entity <plbv46_slave_single> compiled.
Entity <plbv46_slave_single> (Architecture <implementation>) compiled.
Compiling vhdl file
"/media/hdc5/edk_user_repository/MyProcessorIPLib/pcores/plb_npi_vga_controller_
v1_01_a/data/../hdl/vhdl/user_logic.vhd" in Library
plb_npi_vga_controller_v1_01_a.
Entity <user_logic> compiled.
Entity <user_logic> (Architecture <IMP>) compiled.
Compiling vhdl file
"/media/hdc5/edk_user_repository/MyProcessorIPLib/pcores/plb_npi_vga_controller_
v1_01_a/data/../hdl/vhdl/plb_npi_vga_controller.vhd" in Library
plb_npi_vga_controller_v1_01_a.
Entity <plb_npi_vga_controller> compiled.
Entity <plb_npi_vga_controller> (Architecture <IMP>) compiled.


Analyzing HDL attributes ...
INFO:MDT - IPTYPE set to value : PERIPHERAL
INFO:MDT - IMP_NETLIST set to value : TRUE
INFO:MDT - HDL set to value : VHDL
XPS interface files successfully generated ...
Creating development directory ...
Generating command option file ...
Generating readme file ...
Development misc files successfully generated ...
No ProjNavigator support files will be generated at this time ...
No XST synthesis support files will be generated at this time ...
No BFM simulation files will be generated at this time ...
Creating software driver data directory ...
Generating software driver XPS interface (mdd/tcl) files ...
Software driver data definition file (.mdd) successfully generated ...
Software driver data generation file (.tcl) successfully generated ...
Creating software driver src directory ...
Generating software driver template files ...
Software driver compile file (Makefile) successfully generated ...
output user slave register(s) offset to software driver header ...
output interrupt control register(s) offset to software driver header ...
Software driver header file (.h) successfully generated ...
Software driver source file (.c) successfully generated ...
Software driver SelfTest file (.c) successfully generated ...
Software driver template files successfully generated ...

----------------------------------------------------------------------------
--                              Final Report                              --
----------------------------------------------------------------------------
Thank you for using Create and Import Peripheral Wizard! Please find your
peripheral hardware templates under
/media/hdc5/edk_user_repository/MyProcessorIPLib/pcores/plb_npi_vga_controller_v
1_01_a and peripheral software templates under
/media/hdc5/edk_user_repository/MyProcessorIPLib/drivers/plb_npi_vga_controller_
v1_01_a respectively.

Peripheral Summary:

  top name       : plb_npi_vga_controller
  version        : 1.01.a
  type           : PLB (v4.6) slave
  features       : slave attachment
                   interrupt control
                   user s/w registers

Address Block Summary:

  user logic slv : C_BASEADDR + 0x00000000
                 : C_BASEADDR + 0x000000FF
  interrupt      : C_BASEADDR + 0x00000100
                 : C_BASEADDR + 0x000001FF

File Summary

  - HDL source -
/media/hdc5/edk_user_repository/MyProcessorIPLib/pcores/plb_npi_vga_controller_v
1_01_a/hdl
  top entity     : vhdl/plb_npi_vga_controller.vhd
  user logic     : vhdl/user_logic.vhd

  - XPS interface -
/media/hdc5/edk_user_repository/MyProcessorIPLib/pcores/plb_npi_vga_controller_v
1_01_a/data
  mpd            : plb_npi_vga_controller_v2_1_0.mpd
  pao            : plb_npi_vga_controller_v2_1_0.pao

  - Misc file -
/media/hdc5/edk_user_repository/MyProcessorIPLib/pcores/plb_npi_vga_controller_v
1_01_a/devl
  help           : README.txt
  option         : ipwiz.opt
  log            : ipwiz.log

  - Driver source -
/media/hdc5/edk_user_repository/MyProcessorIPLib/drivers/plb_npi_vga_controller_
v1_01_a/src
  makefile       : Makefile
  header         : plb_npi_vga_controller.h
  source         : plb_npi_vga_controller.c
  selftest       : plb_npi_vga_controller_selftest.c

  - Driver interface -
/media/hdc5/edk_user_repository/MyProcessorIPLib/drivers/plb_npi_vga_controller_
v1_01_a/data
  mdd            : plb_npi_vga_controller_v2_1_0.mdd
  tcl            : plb_npi_vga_controller_v2_1_0.tcl


